c:\users\leandro\desktop\grain\grainv1\grainv1\grainv1\debug\vc141.pdb
c:\users\leandro\desktop\grain\grainv1\grainv1\grainv1\debug\operaciones.obj
c:\users\leandro\desktop\grain\grainv1\grainv1\grainv1\debug\grain.obj
c:\users\leandro\desktop\grain\grainv1\grainv1\grainv1\debug\.netframework,version=v4.6.1.assemblyattributes.obj
c:\users\leandro\desktop\grain\grainv1\grainv1\grainv1\debug\.netframework,version=v4.6.1.assemblyattributes.asm
c:\users\leandro\desktop\grain\grainv1\grainv1\grainv1\debug\grainv1.grain.resources
c:\users\leandro\desktop\grain\grainv1\grainv1\debug\grainv1.exe
c:\users\leandro\desktop\grain\grainv1\grainv1\debug\grainv1.pdb
c:\users\leandro\desktop\grain\grainv1\grainv1\grainv1\debug\grainv1.vcxproj.generateresource.cache
c:\users\leandro\desktop\grain\grainv1\grainv1\grainv1\debug\grainv1.vcxprojresolveassemblyreference.cache
c:\users\leandro\desktop\grain\grainv1\grainv1\grainv1\debug\grainv1.tlog\cl.command.1.tlog
c:\users\leandro\desktop\grain\grainv1\grainv1\grainv1\debug\grainv1.tlog\cl.read.1.tlog
c:\users\leandro\desktop\grain\grainv1\grainv1\grainv1\debug\grainv1.tlog\cl.write.1.tlog
c:\users\leandro\desktop\grain\grainv1\grainv1\grainv1\debug\grainv1.tlog\grainv1.write.1u.tlog
c:\users\leandro\desktop\grain\grainv1\grainv1\grainv1\debug\grainv1.tlog\link.command.1.tlog
c:\users\leandro\desktop\grain\grainv1\grainv1\grainv1\debug\grainv1.tlog\link.read.1.tlog
c:\users\leandro\desktop\grain\grainv1\grainv1\grainv1\debug\grainv1.tlog\link.write.1.tlog
c:\users\leandro\desktop\grain\grainv1\grainv1\grainv1\debug\grainv1.tlog\metagen.read.1.tlog
c:\users\leandro\desktop\grain\grainv1\grainv1\grainv1\debug\grainv1.tlog\metagen.write.1.tlog
c:\users\leandro\desktop\grain\grainv1\grainv1\grainv1\debug\grainv1.tlog\tzres.dll.bi
