  Grain.cpp
c:\users\leandro\desktop\grain\grainv1\grainv1\grainv1\grain.h(314): warning C4996: 'strcpy': This function or variable may be unsafe. Consider using strcpy_s instead. To disable deprecation, use _CRT_SECURE_NO_WARNINGS. See online help for details.
  c:\program files (x86)\windows kits\10\include\10.0.16299.0\ucrt\string.h(132): note: vea la declaración de 'strcpy'
c:\users\leandro\desktop\grain\grainv1\grainv1\grainv1\grain.h(318): warning C4996: 'strcat': This function or variable may be unsafe. Consider using strcat_s instead. To disable deprecation, use _CRT_SECURE_NO_WARNINGS. See online help for details.
  c:\program files (x86)\windows kits\10\include\10.0.16299.0\ucrt\string.h(89): note: vea la declaración de 'strcat'
c:\users\leandro\desktop\grain\grainv1\grainv1\grainv1\grain.h(324): warning C4477: 'sscanf' : la cadena de formato '%2hhx' requiere un argumento de tipo 'unsigned char *', pero el argumento variádico 1 tiene el tipo 'int *'
  c:\users\leandro\desktop\grain\grainv1\grainv1\grainv1\grain.h(324): note: considere el uso de ' %x' en la cadena de formato
  c:\users\leandro\desktop\grain\grainv1\grainv1\grainv1\grain.h(324): note: considere el uso de ' %Ix' en la cadena de formato
  c:\users\leandro\desktop\grain\grainv1\grainv1\grainv1\grain.h(324): note: considere el uso de ' %I32x' en la cadena de formato
c:\users\leandro\desktop\grain\grainv1\grainv1\grainv1\grain.h(324): warning C4996: 'sscanf': This function or variable may be unsafe. Consider using sscanf_s instead. To disable deprecation, use _CRT_SECURE_NO_WARNINGS. See online help for details.
  c:\program files (x86)\windows kits\10\include\10.0.16299.0\ucrt\stdio.h(2261): note: vea la declaración de 'sscanf'
c:\users\leandro\desktop\grain\grainv1\grainv1\grainv1\grain.h(336): warning C4018: '<': no coinciden signed/unsigned
  Operaciones.cpp
c:\users\leandro\desktop\grain\grainv1\grainv1\grainv1\operaciones.cpp(81): warning C4018: '<': no coinciden signed/unsigned
c:\users\leandro\desktop\grain\grainv1\grainv1\grainv1\operaciones.cpp(93): warning C4018: '<': no coinciden signed/unsigned
c:\users\leandro\desktop\grain\grainv1\grainv1\grainv1\operaciones.cpp(108): warning C4996: 'fopen': This function or variable may be unsafe. Consider using fopen_s instead. To disable deprecation, use _CRT_SECURE_NO_WARNINGS. See online help for details.
  c:\program files (x86)\windows kits\10\include\10.0.16299.0\ucrt\stdio.h(207): note: vea la declaración de 'fopen'
c:\users\leandro\desktop\grain\grainv1\grainv1\grainv1\operaciones.cpp(143): warning C4018: '<': no coinciden signed/unsigned
c:\users\leandro\desktop\grain\grainv1\grainv1\grainv1\operaciones.cpp(160): warning C4018: '<': no coinciden signed/unsigned
c:\users\leandro\desktop\grain\grainv1\grainv1\grainv1\operaciones.cpp(139): warning C4996: 'fopen': This function or variable may be unsafe. Consider using fopen_s instead. To disable deprecation, use _CRT_SECURE_NO_WARNINGS. See online help for details.
  c:\program files (x86)\windows kits\10\include\10.0.16299.0\ucrt\stdio.h(207): note: vea la declaración de 'fopen'
c:\users\leandro\desktop\grain\grainv1\grainv1\grainv1\operaciones.cpp(151): warning C4996: 'fopen': This function or variable may be unsafe. Consider using fopen_s instead. To disable deprecation, use _CRT_SECURE_NO_WARNINGS. See online help for details.
  c:\program files (x86)\windows kits\10\include\10.0.16299.0\ucrt\stdio.h(207): note: vea la declaración de 'fopen'
  Generando código...
  .NETFramework,Version=v4.6.1.AssemblyAttributes.cpp
  Grainv1.vcxproj -> C:\Users\Leandro\Desktop\Grain\Grainv1\Grainv1\Debug\Grainv1.exe
